# JRE version: OpenJDK Runtime Environment (8.0_152-b01) (build 1.8.0_152-release-1248-b01)
# Java VM: OpenJDK 64-Bit Server VM (25.152-b01 mixed mode windows-amd64 compressed oops)
Heap:
 PSYoungGen      total 354304K, used 190056K [0x00000000e0000000, 0x00000000fb200000, 0x0000000100000000)
  eden space 282624K, 57% used [0x00000000e0000000,0x00000000e9f762b8,0x00000000f1400000)
  from space 71680K, 37% used [0x00000000f1400000,0x00000000f2e23f78,0x00000000f5a00000)
  to   space 68096K, 0% used [0x00000000f6f80000,0x00000000f6f80000,0x00000000fb200000)
 ParOldGen       total 503296K, used 260382K [0x00000000a0000000, 0x00000000beb80000, 0x00000000e0000000)
  object space 503296K, 51% used [0x00000000a0000000,0x00000000afe47960,0x00000000beb80000)
 Metaspace       used 104376K, capacity 110549K, committed 111104K, reserved 1144832K
  class space    used 13270K, capacity 14618K, committed 14848K, reserved 1048576K
GC Heap History (10 events):
Event: 1393.611 GC heap before
{Heap before GC invocations=24 (full 4):
 PSYoungGen      total 308736K, used 258173K [0x00000000e0000000, 0x00000000f6b80000, 0x0000000100000000)
  eden space 253952K, 97% used [0x00000000e0000000,0x00000000ef0f8228,0x00000000ef800000)
  from space 54784K, 20% used [0x00000000ef800000,0x00000000f0327460,0x00000000f2d80000)
  to   space 53248K, 0% used [0x00000000f3780000,0x00000000f3780000,0x00000000f6b80000)
 ParOldGen       total 275968K, used 85043K [0x00000000a0000000, 0x00000000b0d80000, 0x00000000e0000000)
  object space 275968K, 30% used [0x00000000a0000000,0x00000000a530ccc0,0x00000000b0d80000)
 Metaspace       used 103538K, capacity 109977K, committed 110208K, reserved 1144832K
  class space    used 13239K, capacity 14658K, committed 14720K, reserved 1048576K
Event: 1393.632 GC heap after
Heap after GC invocations=24 (full 4):
 PSYoungGen      total 307200K, used 53237K [0x00000000e0000000, 0x00000000f8300000, 0x0000000100000000)
  eden space 253952K, 0% used [0x00000000e0000000,0x00000000e0000000,0x00000000ef800000)
  from space 53248K, 99% used [0x00000000f3780000,0x00000000f6b7d420,0x00000000f6b80000)
  to   space 65024K, 0% used [0x00000000ef800000,0x00000000ef800000,0x00000000f3780000)
 ParOldGen       total 275968K, used 93539K [0x00000000a0000000, 0x00000000b0d80000, 0x00000000e0000000)
  object space 275968K, 33% used [0x00000000a0000000,0x00000000a5b58cd8,0x00000000b0d80000)
 Metaspace       used 103538K, capacity 109977K, committed 110208K, reserved 1144832K
  class space    used 13239K, capacity 14658K, committed 14720K, reserved 1048576K
}
Event: 1394.415 GC heap before
{Heap before GC invocations=25 (full 4):
 PSYoungGen      total 307200K, used 302934K [0x00000000e0000000, 0x00000000f8300000, 0x0000000100000000)
  eden space 253952K, 98% used [0x00000000e0000000,0x00000000ef3d8720,0x00000000ef800000)
  from space 53248K, 99% used [0x00000000f3780000,0x00000000f6b7d420,0x00000000f6b80000)
  to   space 65024K, 0% used [0x00000000ef800000,0x00000000ef800000,0x00000000f3780000)
 ParOldGen       total 275968K, used 101731K [0x00000000a0000000, 0x00000000b0d80000, 0x00000000e0000000)
  object space 275968K, 36% used [0x00000000a0000000,0x00000000a6358ce8,0x00000000b0d80000)
 Metaspace       used 103559K, capacity 109991K, committed 110208K, reserved 1144832K
  class space    used 13241K, capacity 14663K, committed 14720K, reserved 1048576K
Event: 1394.447 GC heap after
Heap after GC invocations=25 (full 4):
 PSYoungGen      total 318976K, used 64921K [0x00000000e0000000, 0x00000000fa880000, 0x0000000100000000)
  eden space 253952K, 0% used [0x00000000e0000000,0x00000000e0000000,0x00000000ef800000)
  from space 65024K, 99% used [0x00000000ef800000,0x00000000f3766408,0x00000000f3780000)
  to   space 75776K, 0% used [0x00000000f5e80000,0x00000000f5e80000,0x00000000fa880000)
 ParOldGen       total 275968K, used 123641K [0x00000000a0000000, 0x00000000b0d80000, 0x00000000e0000000)
  object space 275968K, 44% used [0x00000000a0000000,0x00000000a78be4f8,0x00000000b0d80000)
 Metaspace       used 103559K, capacity 109991K, committed 110208K, reserved 1144832K
  class space    used 13241K, capacity 14663K, committed 14720K, reserved 1048576K
}
Event: 1399.411 GC heap before
{Heap before GC invocations=26 (full 5):
 PSYoungGen      total 318976K, used 318873K [0x00000000e0000000, 0x00000000fa880000, 0x0000000100000000)
  eden space 253952K, 100% used [0x00000000e0000000,0x00000000ef800000,0x00000000ef800000)
  from space 65024K, 99% used [0x00000000ef800000,0x00000000f3766408,0x00000000f3780000)
  to   space 75776K, 0% used [0x00000000f5e80000,0x00000000f5e80000,0x00000000fa880000)
 ParOldGen       total 511488K, used 509161K [0x00000000a0000000, 0x00000000bf380000, 0x00000000e0000000)
  object space 511488K, 99% used [0x00000000a0000000,0x00000000bf13a578,0x00000000bf380000)
 Metaspace       used 103560K, capacity 109991K, committed 110208K, reserved 1144832K
  class space    used 13241K, capacity 14663K, committed 14720K, reserved 1048576K
Event: 1399.615 GC heap after
Heap after GC invocations=26 (full 5):
 PSYoungGen      total 318976K, used 0K [0x00000000e0000000, 0x00000000fa880000, 0x0000000100000000)
  eden space 253952K, 0% used [0x00000000e0000000,0x00000000e0000000,0x00000000ef800000)
  from space 65024K, 0% used [0x00000000ef800000,0x00000000ef800000,0x00000000f3780000)
  to   space 75776K, 0% used [0x00000000f5e80000,0x00000000f5e80000,0x00000000fa880000)
 ParOldGen       total 503296K, used 260366K [0x00000000a0000000, 0x00000000beb80000, 0x00000000e0000000)
  object space 503296K, 51% used [0x00000000a0000000,0x00000000afe43960,0x00000000beb80000)
 Metaspace       used 103122K, capacity 108895K, committed 110208K, reserved 1144832K
  class space    used 13086K, capacity 14393K, committed 14720K, reserved 1048576K
}
Event: 1408.866 GC heap before
{Heap before GC invocations=27 (full 5):
 PSYoungGen      total 318976K, used 253305K [0x00000000e0000000, 0x00000000fa880000, 0x0000000100000000)
  eden space 253952K, 99% used [0x00000000e0000000,0x00000000ef75e498,0x00000000ef800000)
  from space 65024K, 0% used [0x00000000ef800000,0x00000000ef800000,0x00000000f3780000)
  to   space 75776K, 0% used [0x00000000f5e80000,0x00000000f5e80000,0x00000000fa880000)
 ParOldGen       total 503296K, used 260366K [0x00000000a0000000, 0x00000000beb80000, 0x00000000e0000000)
  object space 503296K, 51% used [0x00000000a0000000,0x00000000afe43960,0x00000000beb80000)
 Metaspace       used 103136K, capacity 108971K, committed 110208K, reserved 1144832K
  class space    used 13090K, capacity 14395K, committed 14720K, reserved 1048576K
Event: 1408.876 GC heap after
Heap after GC invocations=27 (full 5):
 PSYoungGen      total 349696K, used 26140K [0x00000000e0000000, 0x00000000fa000000, 0x0000000100000000)
  eden space 282624K, 0% used [0x00000000e0000000,0x00000000e0000000,0x00000000f1400000)
  from space 67072K, 38% used [0x00000000f5e80000,0x00000000f78070e0,0x00000000fa000000)
  to   space 71680K, 0% used [0x00000000f1400000,0x00000000f1400000,0x00000000f5a00000)
 ParOldGen       total 503296K, used 260374K [0x00000000a0000000, 0x00000000beb80000, 0x00000000e0000000)
  object space 503296K, 51% used [0x00000000a0000000,0x00000000afe45960,0x00000000beb80000)
 Metaspace       used 103136K, capacity 108971K, committed 110208K, reserved 1144832K
  class space    used 13090K, capacity 14395K, committed 14720K, reserved 1048576K
}
Event: 1526.500 GC heap before
{Heap before GC invocations=28 (full 5):
 PSYoungGen      total 349696K, used 308764K [0x00000000e0000000, 0x00000000fa000000, 0x0000000100000000)
  eden space 282624K, 100% used [0x00000000e0000000,0x00000000f1400000,0x00000000f1400000)
  from space 67072K, 38% used [0x00000000f5e80000,0x00000000f78070e0,0x00000000fa000000)
  to   space 71680K, 0% used [0x00000000f1400000,0x00000000f1400000,0x00000000f5a00000)
 ParOldGen       total 503296K, used 260374K [0x00000000a0000000, 0x00000000beb80000, 0x00000000e0000000)
  object space 503296K, 51% used [0x00000000a0000000,0x00000000afe45960,0x00000000beb80000)
 Metaspace       used 104155K, capacity 110347K, committed 111104K, reserved 1144832K
  class space    used 13263K, capacity 14607K, committed 14848K, reserved 1048576K
Event: 1526.514 GC heap after
Heap after GC invocations=28 (full 5):
 PSYoungGen      total 354304K, used 26767K [0x00000000e0000000, 0x00000000fb200000, 0x0000000100000000)
  eden space 282624K, 0% used [0x00000000e0000000,0x00000000e0000000,0x00000000f1400000)
  from space 71680K, 37% used [0x00000000f1400000,0x00000000f2e23f78,0x00000000f5a00000)
  to   space 68096K, 0% used [0x00000000f6f80000,0x00000000f6f80000,0x00000000fb200000)
 ParOldGen       total 503296K, used 260382K [0x00000000a0000000, 0x00000000beb80000, 0x00000000e0000000)
  object space 503296K, 51% used [0x00000000a0000000,0x00000000afe47960,0x00000000beb80000)
 Metaspace       used 104155K, capacity 110347K, committed 111104K, reserved 1144832K
  class space    used 13263K, capacity 14607K, committed 14848K, reserved 1048576K
}

